FF
10
FF
50
00
02
FF
12
00
1A
00
00
02
58
00
00
00
00
00
40
00
10
00
00
00
08
01
04
08
0F
34
00
21
04
FF
13
00
04
08
11
FF
14
00
0C
01
0B
00
00
00
08
00
05
00
0D
FF
20
00
04
00
00
00
00
3F
09
0D
00
00
00
0B
00
20
04
F7
7B
DA
E8
F9
88
6E
92
48
99
03
D1
25
18
69
01
E0
A6
40
00
05
00
18
02
97
36
80
64
84
51
28
14
CC
40
00
04
00
10
02
1B
54
72
69
DC
20
9F
30
00
03
00
10
01
19
50
80
44
60
38
00
00
41
09
0D
00
00
00
0B
00
20
04
F7
7B
DB
A8
BC
59
6A
5F
06
99
8C
B8
32
10
8D
01
F0
BE
80
00
05
00
18
02
A6
5B
00
83
46
36
84
00
2D
60
00
05
00
18
02
AD
AB
00
84
10
42
27
84
09
A0
00
03
00
10
01
CC
20
2A
10
80
00
00
00
44
09
0D
00
00
00
0D
00
28
04
F7
BD
DB
BB
80
3C
AD
41
B3
70
A8
DB
08
34
26
18
98
14
01
F0
A2
00
00
06
00
18
03
CD
AB
40
83
23
83
86
AE
D0
B5
2E
80
00
04
00
10
01
69
A8
84
18
03
40
66
00
04
00
10
01
A5
AA
18
48
01
41
E8
00
00
3D
09
0D
00
00
00
0B
00
20
03
F7
7B
AD
B0
2D
67
5D
06
5F
A7
58
21
41
38
20
03
F0
74
00
07
00
18
03
B3
B6
D0
98
48
0D
81
1C
22
F0
C4
BF
00
00
02
00
10
01
16
80
81
12
80
00
02
00
10
01
4A
00
81
30
F0
00
00
36
09
0D
00
00
00
0B
00
20
03
F7
BD
DA
D8
60
BB
1C
64
65
F9
36
F2
0A
E6
81
03
F8
30
00
04
00
10
02
2B
72
1B
21
12
C2
AF
40
00
01
00
10
01
05
00
21
00
00
01
00
10
01
04
00
20
00
00
00
34
09
0D
00
00
00
0A
00
20
03
F7
BD
D5
60
68
13
1E
60
7C
FF
72
D8
8B
38
03
F8
20
00
03
00
10
01
54
C8
41
A3
82
DE
00
02
00
10
01
07
40
10
88
40
00
01
00
10
01
04
00
60
00
00
00
34
09
0D
00
00
00
09
00
20
03
F7
BD
CA
80
68
1F
16
AD
F6
56
FB
81
98
03
F0
C0
00
03
00
10
01
55
50
11
18
24
78
00
03
00
10
01
89
A0
24
14
C0
E8
00
01
00
10
01
05
00
28
40
00
00
43
09
0D
00
00
00
0A
00
20
03
F7
BD
D5
60
69
04
16
8C
E0
3C
FB
84
52
80
03
E0
90
00
03
00
10
01
A4
60
44
88
40
C8
00
05
00
18
02
8D
BB
00
24
01
A4
07
4F
82
40
00
02
00
10
01
8C
00
28
00
40
00
00
00
00
00
00
00
00
00
FF
11
